<?xml version="1.0" encoding="UTF-8"?>
<testsuite xmlns:xsi="http://www.w3.org/2001/XMLSchema-instance" xsi:noNamespaceSchemaLocation="https://maven.apache.org/surefire/maven-surefire-plugin/xsd/surefire-test-report-3.0.xsd" version="3.0" name="com.example.bmi.BmiApplicationTests" time="4.092" tests="1" errors="0" skipped="0" failures="0">
  <properties>
    <property name="java.specification.version" value="21"/>
    <property name="sun.jnu.encoding" value="UTF-8"/>
    <property name="java.class.path" value="/Users/azamat/projects/distibuted-applications/bmi/server/target/test-classes:/Users/azamat/projects/distibuted-applications/bmi/server/target/classes:/Users/azamat/.m2/repository/org/springframework/boot/spring-boot-starter-data-jdbc/3.1.5/spring-boot-starter-data-jdbc-3.1.5.jar:/Users/azamat/.m2/repository/org/springframework/data/spring-data-jdbc/3.1.5/spring-data-jdbc-3.1.5.jar:/Users/azamat/.m2/repository/org/springframework/data/spring-data-relational/3.1.5/spring-data-relational-3.1.5.jar:/Users/azamat/.m2/repository/org/springframework/data/spring-data-commons/3.1.5/spring-data-commons-3.1.5.jar:/Users/azamat/.m2/repository/org/springframework/spring-tx/6.0.13/spring-tx-6.0.13.jar:/Users/azamat/.m2/repository/org/springframework/spring-context/6.0.13/spring-context-6.0.13.jar:/Users/azamat/.m2/repository/org/springframework/spring-beans/6.0.13/spring-beans-6.0.13.jar:/Users/azamat/.m2/repository/org/slf4j/slf4j-api/2.0.9/slf4j-api-2.0.9.jar:/Users/azamat/.m2/repository/org/springframework/boot/spring-boot-starter-data-jpa/3.1.5/spring-boot-starter-data-jpa-3.1.5.jar:/Users/azamat/.m2/repository/org/springframework/boot/spring-boot-starter-aop/3.1.5/spring-boot-starter-aop-3.1.5.jar:/Users/azamat/.m2/repository/org/springframework/spring-aop/6.0.13/spring-aop-6.0.13.jar:/Users/azamat/.m2/repository/org/aspectj/aspectjweaver/1.9.20/aspectjweaver-1.9.20.jar:/Users/azamat/.m2/repository/org/hibernate/orm/hibernate-core/6.2.13.Final/hibernate-core-6.2.13.Final.jar:/Users/azamat/.m2/repository/jakarta/persistence/jakarta.persistence-api/3.1.0/jakarta.persistence-api-3.1.0.jar:/Users/azamat/.m2/repository/jakarta/transaction/jakarta.transaction-api/2.0.1/jakarta.transaction-api-2.0.1.jar:/Users/azamat/.m2/repository/org/jboss/logging/jboss-logging/3.5.3.Final/jboss-logging-3.5.3.Final.jar:/Users/azamat/.m2/repository/org/hibernate/common/hibernate-commons-annotations/6.0.6.Final/hibernate-commons-annotations-6.0.6.Final.jar:/Users/azamat/.m2/repository/io/smallrye/jandex/3.0.5/jandex-3.0.5.jar:/Users/azamat/.m2/repository/com/fasterxml/classmate/1.5.1/classmate-1.5.1.jar:/Users/azamat/.m2/repository/net/bytebuddy/byte-buddy/1.14.9/byte-buddy-1.14.9.jar:/Users/azamat/.m2/repository/org/glassfish/jaxb/jaxb-runtime/4.0.3/jaxb-runtime-4.0.3.jar:/Users/azamat/.m2/repository/org/glassfish/jaxb/jaxb-core/4.0.3/jaxb-core-4.0.3.jar:/Users/azamat/.m2/repository/org/eclipse/angus/angus-activation/2.0.1/angus-activation-2.0.1.jar:/Users/azamat/.m2/repository/org/glassfish/jaxb/txw2/4.0.3/txw2-4.0.3.jar:/Users/azamat/.m2/repository/com/sun/istack/istack-commons-runtime/4.1.2/istack-commons-runtime-4.1.2.jar:/Users/azamat/.m2/repository/jakarta/inject/jakarta.inject-api/2.0.1/jakarta.inject-api-2.0.1.jar:/Users/azamat/.m2/repository/org/antlr/antlr4-runtime/4.10.1/antlr4-runtime-4.10.1.jar:/Users/azamat/.m2/repository/org/springframework/data/spring-data-jpa/3.1.5/spring-data-jpa-3.1.5.jar:/Users/azamat/.m2/repository/org/springframework/spring-orm/6.0.13/spring-orm-6.0.13.jar:/Users/azamat/.m2/repository/jakarta/annotation/jakarta.annotation-api/2.1.1/jakarta.annotation-api-2.1.1.jar:/Users/azamat/.m2/repository/org/springframework/spring-aspects/6.0.13/spring-aspects-6.0.13.jar:/Users/azamat/.m2/repository/org/springframework/boot/spring-boot-starter-jdbc/3.1.5/spring-boot-starter-jdbc-3.1.5.jar:/Users/azamat/.m2/repository/org/springframework/boot/spring-boot-starter/3.1.5/spring-boot-starter-3.1.5.jar:/Users/azamat/.m2/repository/org/springframework/boot/spring-boot/3.1.5/spring-boot-3.1.5.jar:/Users/azamat/.m2/repository/org/springframework/boot/spring-boot-autoconfigure/3.1.5/spring-boot-autoconfigure-3.1.5.jar:/Users/azamat/.m2/repository/org/springframework/boot/spring-boot-starter-logging/3.1.5/spring-boot-starter-logging-3.1.5.jar:/Users/azamat/.m2/repository/ch/qos/logback/logback-classic/1.4.11/logback-classic-1.4.11.jar:/Users/azamat/.m2/repository/ch/qos/logback/logback-core/1.4.11/logback-core-1.4.11.jar:/Users/azamat/.m2/repository/org/apache/logging/log4j/log4j-to-slf4j/2.20.0/log4j-to-slf4j-2.20.0.jar:/Users/azamat/.m2/repository/org/apache/logging/log4j/log4j-api/2.20.0/log4j-api-2.20.0.jar:/Users/azamat/.m2/repository/org/slf4j/jul-to-slf4j/2.0.9/jul-to-slf4j-2.0.9.jar:/Users/azamat/.m2/repository/org/yaml/snakeyaml/1.33/snakeyaml-1.33.jar:/Users/azamat/.m2/repository/com/zaxxer/HikariCP/5.0.1/HikariCP-5.0.1.jar:/Users/azamat/.m2/repository/org/springframework/spring-jdbc/6.0.13/spring-jdbc-6.0.13.jar:/Users/azamat/.m2/repository/org/springframework/boot/spring-boot-starter-thymeleaf/3.1.5/spring-boot-starter-thymeleaf-3.1.5.jar:/Users/azamat/.m2/repository/org/thymeleaf/thymeleaf-spring6/3.1.2.RELEASE/thymeleaf-spring6-3.1.2.RELEASE.jar:/Users/azamat/.m2/repository/org/thymeleaf/thymeleaf/3.1.2.RELEASE/thymeleaf-3.1.2.RELEASE.jar:/Users/azamat/.m2/repository/org/attoparser/attoparser/2.0.7.RELEASE/attoparser-2.0.7.RELEASE.jar:/Users/azamat/.m2/repository/org/unbescape/unbescape/1.1.6.RELEASE/unbescape-1.1.6.RELEASE.jar:/Users/azamat/.m2/repository/org/springframework/boot/spring-boot-starter-web/3.1.5/spring-boot-starter-web-3.1.5.jar:/Users/azamat/.m2/repository/org/springframework/boot/spring-boot-starter-json/3.1.5/spring-boot-starter-json-3.1.5.jar:/Users/azamat/.m2/repository/com/fasterxml/jackson/core/jackson-databind/2.15.3/jackson-databind-2.15.3.jar:/Users/azamat/.m2/repository/com/fasterxml/jackson/core/jackson-annotations/2.15.3/jackson-annotations-2.15.3.jar:/Users/azamat/.m2/repository/com/fasterxml/jackson/core/jackson-core/2.15.3/jackson-core-2.15.3.jar:/Users/azamat/.m2/repository/com/fasterxml/jackson/datatype/jackson-datatype-jdk8/2.15.3/jackson-datatype-jdk8-2.15.3.jar:/Users/azamat/.m2/repository/com/fasterxml/jackson/datatype/jackson-datatype-jsr310/2.15.3/jackson-datatype-jsr310-2.15.3.jar:/Users/azamat/.m2/repository/com/fasterxml/jackson/module/jackson-module-parameter-names/2.15.3/jackson-module-parameter-names-2.15.3.jar:/Users/azamat/.m2/repository/org/springframework/boot/spring-boot-starter-tomcat/3.1.5/spring-boot-starter-tomcat-3.1.5.jar:/Users/azamat/.m2/repository/org/apache/tomcat/embed/tomcat-embed-core/10.1.15/tomcat-embed-core-10.1.15.jar:/Users/azamat/.m2/repository/org/apache/tomcat/embed/tomcat-embed-el/10.1.15/tomcat-embed-el-10.1.15.jar:/Users/azamat/.m2/repository/org/apache/tomcat/embed/tomcat-embed-websocket/10.1.15/tomcat-embed-websocket-10.1.15.jar:/Users/azamat/.m2/repository/org/springframework/spring-web/6.0.13/spring-web-6.0.13.jar:/Users/azamat/.m2/repository/io/micrometer/micrometer-observation/1.11.5/micrometer-observation-1.11.5.jar:/Users/azamat/.m2/repository/io/micrometer/micrometer-commons/1.11.5/micrometer-commons-1.11.5.jar:/Users/azamat/.m2/repository/org/springframework/spring-webmvc/6.0.13/spring-webmvc-6.0.13.jar:/Users/azamat/.m2/repository/org/springframework/spring-expression/6.0.13/spring-expression-6.0.13.jar:/Users/azamat/.m2/repository/com/h2database/h2/2.1.214/h2-2.1.214.jar:/Users/azamat/.m2/repository/com/mysql/mysql-connector-j/8.0.33/mysql-connector-j-8.0.33.jar:/Users/azamat/.m2/repository/org/springframework/boot/spring-boot-starter-test/3.1.5/spring-boot-starter-test-3.1.5.jar:/Users/azamat/.m2/repository/org/springframework/boot/spring-boot-test/3.1.5/spring-boot-test-3.1.5.jar:/Users/azamat/.m2/repository/org/springframework/boot/spring-boot-test-autoconfigure/3.1.5/spring-boot-test-autoconfigure-3.1.5.jar:/Users/azamat/.m2/repository/com/jayway/jsonpath/json-path/2.8.0/json-path-2.8.0.jar:/Users/azamat/.m2/repository/jakarta/xml/bind/jakarta.xml.bind-api/4.0.1/jakarta.xml.bind-api-4.0.1.jar:/Users/azamat/.m2/repository/jakarta/activation/jakarta.activation-api/2.1.2/jakarta.activation-api-2.1.2.jar:/Users/azamat/.m2/repository/net/minidev/json-smart/2.4.11/json-smart-2.4.11.jar:/Users/azamat/.m2/repository/net/minidev/accessors-smart/2.4.11/accessors-smart-2.4.11.jar:/Users/azamat/.m2/repository/org/ow2/asm/asm/9.3/asm-9.3.jar:/Users/azamat/.m2/repository/org/assertj/assertj-core/3.24.2/assertj-core-3.24.2.jar:/Users/azamat/.m2/repository/org/hamcrest/hamcrest/2.2/hamcrest-2.2.jar:/Users/azamat/.m2/repository/org/junit/jupiter/junit-jupiter/5.9.3/junit-jupiter-5.9.3.jar:/Users/azamat/.m2/repository/org/junit/jupiter/junit-jupiter-api/5.9.3/junit-jupiter-api-5.9.3.jar:/Users/azamat/.m2/repository/org/opentest4j/opentest4j/1.2.0/opentest4j-1.2.0.jar:/Users/azamat/.m2/repository/org/junit/platform/junit-platform-commons/1.9.3/junit-platform-commons-1.9.3.jar:/Users/azamat/.m2/repository/org/apiguardian/apiguardian-api/1.1.2/apiguardian-api-1.1.2.jar:/Users/azamat/.m2/repository/org/junit/jupiter/junit-jupiter-params/5.9.3/junit-jupiter-params-5.9.3.jar:/Users/azamat/.m2/repository/org/junit/jupiter/junit-jupiter-engine/5.9.3/junit-jupiter-engine-5.9.3.jar:/Users/azamat/.m2/repository/org/junit/platform/junit-platform-engine/1.9.3/junit-platform-engine-1.9.3.jar:/Users/azamat/.m2/repository/org/mockito/mockito-core/5.3.1/mockito-core-5.3.1.jar:/Users/azamat/.m2/repository/net/bytebuddy/byte-buddy-agent/1.14.9/byte-buddy-agent-1.14.9.jar:/Users/azamat/.m2/repository/org/objenesis/objenesis/3.3/objenesis-3.3.jar:/Users/azamat/.m2/repository/org/mockito/mockito-junit-jupiter/5.3.1/mockito-junit-jupiter-5.3.1.jar:/Users/azamat/.m2/repository/org/skyscreamer/jsonassert/1.5.1/jsonassert-1.5.1.jar:/Users/azamat/.m2/repository/com/vaadin/external/google/android-json/0.0.20131108.vaadin1/android-json-0.0.20131108.vaadin1.jar:/Users/azamat/.m2/repository/org/springframework/spring-core/6.0.13/spring-core-6.0.13.jar:/Users/azamat/.m2/repository/org/springframework/spring-jcl/6.0.13/spring-jcl-6.0.13.jar:/Users/azamat/.m2/repository/org/springframework/spring-test/6.0.13/spring-test-6.0.13.jar:/Users/azamat/.m2/repository/org/xmlunit/xmlunit-core/2.9.1/xmlunit-core-2.9.1.jar:"/>
    <property name="java.vm.vendor" value="Homebrew"/>
    <property name="sun.arch.data.model" value="64"/>
    <property name="java.vendor.url" value="https://github.com/Homebrew/homebrew-core/issues"/>
    <property name="user.timezone" value="Europe/Berlin"/>
    <property name="org.jboss.logging.provider" value="slf4j"/>
    <property name="os.name" value="Mac OS X"/>
    <property name="java.vm.specification.version" value="21"/>
    <property name="sun.java.launcher" value="SUN_STANDARD"/>
    <property name="user.country" value="UZ"/>
    <property name="sun.boot.library.path" value="/opt/homebrew/Cellar/openjdk/21.0.1/libexec/openjdk.jdk/Contents/Home/lib"/>
    <property name="sun.java.command" value="/Users/azamat/projects/distibuted-applications/bmi/server/target/surefire/surefirebooter-20231123213710284_3.jar /Users/azamat/projects/distibuted-applications/bmi/server/target/surefire 2023-11-23T21-37-10_235-jvmRun1 surefire-20231123213710284_1tmp surefire_0-20231123213710284_2tmp"/>
    <property name="http.nonProxyHosts" value="local|*.local|169.254/16|*.169.254/16"/>
    <property name="jdk.debug" value="release"/>
    <property name="surefire.test.class.path" value="/Users/azamat/projects/distibuted-applications/bmi/server/target/test-classes:/Users/azamat/projects/distibuted-applications/bmi/server/target/classes:/Users/azamat/.m2/repository/org/springframework/boot/spring-boot-starter-data-jdbc/3.1.5/spring-boot-starter-data-jdbc-3.1.5.jar:/Users/azamat/.m2/repository/org/springframework/data/spring-data-jdbc/3.1.5/spring-data-jdbc-3.1.5.jar:/Users/azamat/.m2/repository/org/springframework/data/spring-data-relational/3.1.5/spring-data-relational-3.1.5.jar:/Users/azamat/.m2/repository/org/springframework/data/spring-data-commons/3.1.5/spring-data-commons-3.1.5.jar:/Users/azamat/.m2/repository/org/springframework/spring-tx/6.0.13/spring-tx-6.0.13.jar:/Users/azamat/.m2/repository/org/springframework/spring-context/6.0.13/spring-context-6.0.13.jar:/Users/azamat/.m2/repository/org/springframework/spring-beans/6.0.13/spring-beans-6.0.13.jar:/Users/azamat/.m2/repository/org/slf4j/slf4j-api/2.0.9/slf4j-api-2.0.9.jar:/Users/azamat/.m2/repository/org/springframework/boot/spring-boot-starter-data-jpa/3.1.5/spring-boot-starter-data-jpa-3.1.5.jar:/Users/azamat/.m2/repository/org/springframework/boot/spring-boot-starter-aop/3.1.5/spring-boot-starter-aop-3.1.5.jar:/Users/azamat/.m2/repository/org/springframework/spring-aop/6.0.13/spring-aop-6.0.13.jar:/Users/azamat/.m2/repository/org/aspectj/aspectjweaver/1.9.20/aspectjweaver-1.9.20.jar:/Users/azamat/.m2/repository/org/hibernate/orm/hibernate-core/6.2.13.Final/hibernate-core-6.2.13.Final.jar:/Users/azamat/.m2/repository/jakarta/persistence/jakarta.persistence-api/3.1.0/jakarta.persistence-api-3.1.0.jar:/Users/azamat/.m2/repository/jakarta/transaction/jakarta.transaction-api/2.0.1/jakarta.transaction-api-2.0.1.jar:/Users/azamat/.m2/repository/org/jboss/logging/jboss-logging/3.5.3.Final/jboss-logging-3.5.3.Final.jar:/Users/azamat/.m2/repository/org/hibernate/common/hibernate-commons-annotations/6.0.6.Final/hibernate-commons-annotations-6.0.6.Final.jar:/Users/azamat/.m2/repository/io/smallrye/jandex/3.0.5/jandex-3.0.5.jar:/Users/azamat/.m2/repository/com/fasterxml/classmate/1.5.1/classmate-1.5.1.jar:/Users/azamat/.m2/repository/net/bytebuddy/byte-buddy/1.14.9/byte-buddy-1.14.9.jar:/Users/azamat/.m2/repository/org/glassfish/jaxb/jaxb-runtime/4.0.3/jaxb-runtime-4.0.3.jar:/Users/azamat/.m2/repository/org/glassfish/jaxb/jaxb-core/4.0.3/jaxb-core-4.0.3.jar:/Users/azamat/.m2/repository/org/eclipse/angus/angus-activation/2.0.1/angus-activation-2.0.1.jar:/Users/azamat/.m2/repository/org/glassfish/jaxb/txw2/4.0.3/txw2-4.0.3.jar:/Users/azamat/.m2/repository/com/sun/istack/istack-commons-runtime/4.1.2/istack-commons-runtime-4.1.2.jar:/Users/azamat/.m2/repository/jakarta/inject/jakarta.inject-api/2.0.1/jakarta.inject-api-2.0.1.jar:/Users/azamat/.m2/repository/org/antlr/antlr4-runtime/4.10.1/antlr4-runtime-4.10.1.jar:/Users/azamat/.m2/repository/org/springframework/data/spring-data-jpa/3.1.5/spring-data-jpa-3.1.5.jar:/Users/azamat/.m2/repository/org/springframework/spring-orm/6.0.13/spring-orm-6.0.13.jar:/Users/azamat/.m2/repository/jakarta/annotation/jakarta.annotation-api/2.1.1/jakarta.annotation-api-2.1.1.jar:/Users/azamat/.m2/repository/org/springframework/spring-aspects/6.0.13/spring-aspects-6.0.13.jar:/Users/azamat/.m2/repository/org/springframework/boot/spring-boot-starter-jdbc/3.1.5/spring-boot-starter-jdbc-3.1.5.jar:/Users/azamat/.m2/repository/org/springframework/boot/spring-boot-starter/3.1.5/spring-boot-starter-3.1.5.jar:/Users/azamat/.m2/repository/org/springframework/boot/spring-boot/3.1.5/spring-boot-3.1.5.jar:/Users/azamat/.m2/repository/org/springframework/boot/spring-boot-autoconfigure/3.1.5/spring-boot-autoconfigure-3.1.5.jar:/Users/azamat/.m2/repository/org/springframework/boot/spring-boot-starter-logging/3.1.5/spring-boot-starter-logging-3.1.5.jar:/Users/azamat/.m2/repository/ch/qos/logback/logback-classic/1.4.11/logback-classic-1.4.11.jar:/Users/azamat/.m2/repository/ch/qos/logback/logback-core/1.4.11/logback-core-1.4.11.jar:/Users/azamat/.m2/repository/org/apache/logging/log4j/log4j-to-slf4j/2.20.0/log4j-to-slf4j-2.20.0.jar:/Users/azamat/.m2/repository/org/apache/logging/log4j/log4j-api/2.20.0/log4j-api-2.20.0.jar:/Users/azamat/.m2/repository/org/slf4j/jul-to-slf4j/2.0.9/jul-to-slf4j-2.0.9.jar:/Users/azamat/.m2/repository/org/yaml/snakeyaml/1.33/snakeyaml-1.33.jar:/Users/azamat/.m2/repository/com/zaxxer/HikariCP/5.0.1/HikariCP-5.0.1.jar:/Users/azamat/.m2/repository/org/springframework/spring-jdbc/6.0.13/spring-jdbc-6.0.13.jar:/Users/azamat/.m2/repository/org/springframework/boot/spring-boot-starter-thymeleaf/3.1.5/spring-boot-starter-thymeleaf-3.1.5.jar:/Users/azamat/.m2/repository/org/thymeleaf/thymeleaf-spring6/3.1.2.RELEASE/thymeleaf-spring6-3.1.2.RELEASE.jar:/Users/azamat/.m2/repository/org/thymeleaf/thymeleaf/3.1.2.RELEASE/thymeleaf-3.1.2.RELEASE.jar:/Users/azamat/.m2/repository/org/attoparser/attoparser/2.0.7.RELEASE/attoparser-2.0.7.RELEASE.jar:/Users/azamat/.m2/repository/org/unbescape/unbescape/1.1.6.RELEASE/unbescape-1.1.6.RELEASE.jar:/Users/azamat/.m2/repository/org/springframework/boot/spring-boot-starter-web/3.1.5/spring-boot-starter-web-3.1.5.jar:/Users/azamat/.m2/repository/org/springframework/boot/spring-boot-starter-json/3.1.5/spring-boot-starter-json-3.1.5.jar:/Users/azamat/.m2/repository/com/fasterxml/jackson/core/jackson-databind/2.15.3/jackson-databind-2.15.3.jar:/Users/azamat/.m2/repository/com/fasterxml/jackson/core/jackson-annotations/2.15.3/jackson-annotations-2.15.3.jar:/Users/azamat/.m2/repository/com/fasterxml/jackson/core/jackson-core/2.15.3/jackson-core-2.15.3.jar:/Users/azamat/.m2/repository/com/fasterxml/jackson/datatype/jackson-datatype-jdk8/2.15.3/jackson-datatype-jdk8-2.15.3.jar:/Users/azamat/.m2/repository/com/fasterxml/jackson/datatype/jackson-datatype-jsr310/2.15.3/jackson-datatype-jsr310-2.15.3.jar:/Users/azamat/.m2/repository/com/fasterxml/jackson/module/jackson-module-parameter-names/2.15.3/jackson-module-parameter-names-2.15.3.jar:/Users/azamat/.m2/repository/org/springframework/boot/spring-boot-starter-tomcat/3.1.5/spring-boot-starter-tomcat-3.1.5.jar:/Users/azamat/.m2/repository/org/apache/tomcat/embed/tomcat-embed-core/10.1.15/tomcat-embed-core-10.1.15.jar:/Users/azamat/.m2/repository/org/apache/tomcat/embed/tomcat-embed-el/10.1.15/tomcat-embed-el-10.1.15.jar:/Users/azamat/.m2/repository/org/apache/tomcat/embed/tomcat-embed-websocket/10.1.15/tomcat-embed-websocket-10.1.15.jar:/Users/azamat/.m2/repository/org/springframework/spring-web/6.0.13/spring-web-6.0.13.jar:/Users/azamat/.m2/repository/io/micrometer/micrometer-observation/1.11.5/micrometer-observation-1.11.5.jar:/Users/azamat/.m2/repository/io/micrometer/micrometer-commons/1.11.5/micrometer-commons-1.11.5.jar:/Users/azamat/.m2/repository/org/springframework/spring-webmvc/6.0.13/spring-webmvc-6.0.13.jar:/Users/azamat/.m2/repository/org/springframework/spring-expression/6.0.13/spring-expression-6.0.13.jar:/Users/azamat/.m2/repository/com/h2database/h2/2.1.214/h2-2.1.214.jar:/Users/azamat/.m2/repository/com/mysql/mysql-connector-j/8.0.33/mysql-connector-j-8.0.33.jar:/Users/azamat/.m2/repository/org/springframework/boot/spring-boot-starter-test/3.1.5/spring-boot-starter-test-3.1.5.jar:/Users/azamat/.m2/repository/org/springframework/boot/spring-boot-test/3.1.5/spring-boot-test-3.1.5.jar:/Users/azamat/.m2/repository/org/springframework/boot/spring-boot-test-autoconfigure/3.1.5/spring-boot-test-autoconfigure-3.1.5.jar:/Users/azamat/.m2/repository/com/jayway/jsonpath/json-path/2.8.0/json-path-2.8.0.jar:/Users/azamat/.m2/repository/jakarta/xml/bind/jakarta.xml.bind-api/4.0.1/jakarta.xml.bind-api-4.0.1.jar:/Users/azamat/.m2/repository/jakarta/activation/jakarta.activation-api/2.1.2/jakarta.activation-api-2.1.2.jar:/Users/azamat/.m2/repository/net/minidev/json-smart/2.4.11/json-smart-2.4.11.jar:/Users/azamat/.m2/repository/net/minidev/accessors-smart/2.4.11/accessors-smart-2.4.11.jar:/Users/azamat/.m2/repository/org/ow2/asm/asm/9.3/asm-9.3.jar:/Users/azamat/.m2/repository/org/assertj/assertj-core/3.24.2/assertj-core-3.24.2.jar:/Users/azamat/.m2/repository/org/hamcrest/hamcrest/2.2/hamcrest-2.2.jar:/Users/azamat/.m2/repository/org/junit/jupiter/junit-jupiter/5.9.3/junit-jupiter-5.9.3.jar:/Users/azamat/.m2/repository/org/junit/jupiter/junit-jupiter-api/5.9.3/junit-jupiter-api-5.9.3.jar:/Users/azamat/.m2/repository/org/opentest4j/opentest4j/1.2.0/opentest4j-1.2.0.jar:/Users/azamat/.m2/repository/org/junit/platform/junit-platform-commons/1.9.3/junit-platform-commons-1.9.3.jar:/Users/azamat/.m2/repository/org/apiguardian/apiguardian-api/1.1.2/apiguardian-api-1.1.2.jar:/Users/azamat/.m2/repository/org/junit/jupiter/junit-jupiter-params/5.9.3/junit-jupiter-params-5.9.3.jar:/Users/azamat/.m2/repository/org/junit/jupiter/junit-jupiter-engine/5.9.3/junit-jupiter-engine-5.9.3.jar:/Users/azamat/.m2/repository/org/junit/platform/junit-platform-engine/1.9.3/junit-platform-engine-1.9.3.jar:/Users/azamat/.m2/repository/org/mockito/mockito-core/5.3.1/mockito-core-5.3.1.jar:/Users/azamat/.m2/repository/net/bytebuddy/byte-buddy-agent/1.14.9/byte-buddy-agent-1.14.9.jar:/Users/azamat/.m2/repository/org/objenesis/objenesis/3.3/objenesis-3.3.jar:/Users/azamat/.m2/repository/org/mockito/mockito-junit-jupiter/5.3.1/mockito-junit-jupiter-5.3.1.jar:/Users/azamat/.m2/repository/org/skyscreamer/jsonassert/1.5.1/jsonassert-1.5.1.jar:/Users/azamat/.m2/repository/com/vaadin/external/google/android-json/0.0.20131108.vaadin1/android-json-0.0.20131108.vaadin1.jar:/Users/azamat/.m2/repository/org/springframework/spring-core/6.0.13/spring-core-6.0.13.jar:/Users/azamat/.m2/repository/org/springframework/spring-jcl/6.0.13/spring-jcl-6.0.13.jar:/Users/azamat/.m2/repository/org/springframework/spring-test/6.0.13/spring-test-6.0.13.jar:/Users/azamat/.m2/repository/org/xmlunit/xmlunit-core/2.9.1/xmlunit-core-2.9.1.jar:"/>
    <property name="sun.cpu.endian" value="little"/>
    <property name="user.home" value="/Users/azamat"/>
    <property name="user.language" value="en"/>
    <property name="java.specification.vendor" value="Oracle Corporation"/>
    <property name="java.version.date" value="2023-10-17"/>
    <property name="java.home" value="/opt/homebrew/Cellar/openjdk/21.0.1/libexec/openjdk.jdk/Contents/Home"/>
    <property name="file.separator" value="/"/>
    <property name="basedir" value="/Users/azamat/projects/distibuted-applications/bmi/server"/>
    <property name="java.vm.compressedOopsMode" value="Zero based"/>
    <property name="line.separator" value="&#10;"/>
    <property name="java.vm.specification.vendor" value="Oracle Corporation"/>
    <property name="java.specification.name" value="Java Platform API Specification"/>
    <property name="FILE_LOG_CHARSET" value="UTF-8"/>
    <property name="java.awt.headless" value="true"/>
    <property name="apple.awt.application.name" value="ForkedBooter"/>
    <property name="surefire.real.class.path" value="/Users/azamat/projects/distibuted-applications/bmi/server/target/surefire/surefirebooter-20231123213710284_3.jar"/>
    <property name="sun.management.compiler" value="HotSpot 64-Bit Tiered Compilers"/>
    <property name="ftp.nonProxyHosts" value="local|*.local|169.254/16|*.169.254/16"/>
    <property name="java.runtime.version" value="21.0.1"/>
    <property name="user.name" value="azamat"/>
    <property name="stdout.encoding" value="UTF-8"/>
    <property name="path.separator" value=":"/>
    <property name="os.version" value="14.1.1"/>
    <property name="java.runtime.name" value="OpenJDK Runtime Environment"/>
    <property name="file.encoding" value="UTF-8"/>
    <property name="java.vm.name" value="OpenJDK 64-Bit Server VM"/>
    <property name="java.vendor.version" value="Homebrew"/>
    <property name="localRepository" value="/Users/azamat/.m2/repository"/>
    <property name="java.vendor.url.bug" value="https://github.com/Homebrew/homebrew-core/issues"/>
    <property name="java.io.tmpdir" value="/var/folders/f7/2sjb333s2q98_qn6c1b2jfyw0000gn/T/"/>
    <property name="com.zaxxer.hikari.pool_number" value="1"/>
    <property name="java.version" value="21.0.1"/>
    <property name="user.dir" value="/Users/azamat/projects/distibuted-applications/bmi/server"/>
    <property name="os.arch" value="aarch64"/>
    <property name="java.vm.specification.name" value="Java Virtual Machine Specification"/>
    <property name="PID" value="46219"/>
    <property name="CONSOLE_LOG_CHARSET" value="UTF-8"/>
    <property name="native.encoding" value="UTF-8"/>
    <property name="java.library.path" value="/Users/azamat/Library/Java/Extensions:/Library/Java/Extensions:/Network/Library/Java/Extensions:/System/Library/Java/Extensions:/usr/lib/java:."/>
    <property name="java.vm.info" value="mixed mode, sharing"/>
    <property name="stderr.encoding" value="UTF-8"/>
    <property name="java.vendor" value="Homebrew"/>
    <property name="java.vm.version" value="21.0.1"/>
    <property name="sun.io.unicode.encoding" value="UnicodeBig"/>
    <property name="socksNonProxyHosts" value="local|*.local|169.254/16|*.169.254/16"/>
    <property name="java.class.version" value="65.0"/>
  </properties>
  <testcase name="contextLoads" classname="com.example.bmi.BmiApplicationTests" time="0.337">
    <system-out><![CDATA[21:37:10.679 [main] INFO org.springframework.test.context.support.AnnotationConfigContextLoaderUtils -- Could not detect default configuration classes for test class [com.example.bmi.BmiApplicationTests]: BmiApplicationTests does not declare any static, non-private, non-final, nested classes annotated with @Configuration.
21:37:10.730 [main] INFO org.springframework.boot.test.context.SpringBootTestContextBootstrapper -- Found @SpringBootConfiguration com.example.bmi.BmiApplication for test class com.example.bmi.BmiApplicationTests

  .   ____          _            __ _ _
 /\\ / ___'_ __ _ _(_)_ __  __ _ \ \ \ \
( ( )\___ | '_ | '_| | '_ \/ _` | \ \ \ \
 \\/  ___)| |_)| | | | | || (_| |  ) ) ) )
  '  |____| .__|_| |_|_| |_\__, | / / / /
 =========|_|==============|___/=/_/_/_/
 :: Spring Boot ::                (v3.1.5)

2023-11-23T21:37:10.923+01:00  INFO 46219 --- [           main] com.example.bmi.BmiApplicationTests      : Starting BmiApplicationTests using Java 21.0.1 with PID 46219 (started by azamat in /Users/azamat/projects/distibuted-applications/bmi/server)
2023-11-23T21:37:10.924+01:00  INFO 46219 --- [           main] com.example.bmi.BmiApplicationTests      : No active profile set, falling back to 1 default profile: "default"
2023-11-23T21:37:11.219+01:00  INFO 46219 --- [           main] .s.d.r.c.RepositoryConfigurationDelegate : Multiple Spring Data modules found, entering strict repository configuration mode
2023-11-23T21:37:11.220+01:00  INFO 46219 --- [           main] .s.d.r.c.RepositoryConfigurationDelegate : Bootstrapping Spring Data JDBC repositories in DEFAULT mode.
2023-11-23T21:37:11.235+01:00  INFO 46219 --- [           main] .RepositoryConfigurationExtensionSupport : Spring Data JDBC - Could not safely identify store assignment for repository candidate interface com.example.bmi.BmiRepository; If you want this repository to be a JDBC repository, consider annotating your entities with one of these annotations: org.springframework.data.relational.core.mapping.Table.
2023-11-23T21:37:11.235+01:00  INFO 46219 --- [           main] .s.d.r.c.RepositoryConfigurationDelegate : Finished Spring Data repository scanning in 13 ms. Found 0 JDBC repository interfaces.
2023-11-23T21:37:11.242+01:00  INFO 46219 --- [           main] .s.d.r.c.RepositoryConfigurationDelegate : Multiple Spring Data modules found, entering strict repository configuration mode
2023-11-23T21:37:11.242+01:00  INFO 46219 --- [           main] .s.d.r.c.RepositoryConfigurationDelegate : Bootstrapping Spring Data JPA repositories in DEFAULT mode.
2023-11-23T21:37:11.257+01:00  INFO 46219 --- [           main] .s.d.r.c.RepositoryConfigurationDelegate : Finished Spring Data repository scanning in 12 ms. Found 1 JPA repository interfaces.
2023-11-23T21:37:11.558+01:00  INFO 46219 --- [           main] o.hibernate.jpa.internal.util.LogHelper  : HHH000204: Processing PersistenceUnitInfo [name: default]
2023-11-23T21:37:11.586+01:00  INFO 46219 --- [           main] org.hibernate.Version                    : HHH000412: Hibernate ORM core version 6.2.13.Final
2023-11-23T21:37:11.587+01:00  INFO 46219 --- [           main] org.hibernate.cfg.Environment            : HHH000406: Using bytecode reflection optimizer
2023-11-23T21:37:11.739+01:00  INFO 46219 --- [           main] o.s.o.j.p.SpringPersistenceUnitInfo      : No LoadTimeWeaver setup: ignoring JPA class transformer
2023-11-23T21:37:11.755+01:00  INFO 46219 --- [           main] com.zaxxer.hikari.HikariDataSource       : HikariPool-1 - Starting...
2023-11-23T21:37:13.145+01:00  INFO 46219 --- [           main] com.zaxxer.hikari.pool.HikariPool        : HikariPool-1 - Added connection com.mysql.cj.jdbc.ConnectionImpl@8ac12e6
2023-11-23T21:37:13.148+01:00  INFO 46219 --- [           main] com.zaxxer.hikari.HikariDataSource       : HikariPool-1 - Start completed.
2023-11-23T21:37:13.372+01:00  WARN 46219 --- [           main] org.hibernate.orm.deprecation            : HHH90000025: MySQLDialect does not need to be specified explicitly using 'hibernate.dialect' (remove the property setting and it will be selected by default)
2023-11-23T21:37:13.724+01:00  INFO 46219 --- [           main] o.h.e.t.j.p.i.JtaPlatformInitiator       : HHH000489: No JTA platform available (set 'hibernate.transaction.jta.platform' to enable JTA platform integration)
2023-11-23T21:37:13.931+01:00  INFO 46219 --- [           main] j.LocalContainerEntityManagerFactoryBean : Initialized JPA EntityManagerFactory for persistence unit 'default'
2023-11-23T21:37:14.116+01:00  WARN 46219 --- [           main] JpaBaseConfiguration$JpaWebConfiguration : spring.jpa.open-in-view is enabled by default. Therefore, database queries may be performed during view rendering. Explicitly configure spring.jpa.open-in-view to disable this warning
2023-11-23T21:37:14.262+01:00  WARN 46219 --- [           main] ion$DefaultTemplateResolverConfiguration : Cannot find template location: classpath:/templates/ (please add some templates, check your Thymeleaf configuration, or set spring.thymeleaf.check-template-location=false)
2023-11-23T21:37:14.328+01:00  INFO 46219 --- [           main] com.example.bmi.BmiApplicationTests      : Started BmiApplicationTests in 3.526 seconds (process running for 4.001)
]]></system-out>
    <system-err><![CDATA[WARNING: A Java agent has been loaded dynamically (/Users/azamat/.m2/repository/net/bytebuddy/byte-buddy-agent/1.14.9/byte-buddy-agent-1.14.9.jar)
WARNING: If a serviceability tool is in use, please run with -XX:+EnableDynamicAgentLoading to hide this warning
WARNING: If a serviceability tool is not in use, please run with -Djdk.instrument.traceUsage for more information
WARNING: Dynamic loading of agents will be disallowed by default in a future release
]]></system-err>
  </testcase>
</testsuite>